TN:
SF:src\modules\Carts\services\AddToCartService.ts
FN:14,(anonymous_18)
FN:15,AddToCartService
FN:22,(anonymous_20)
FNF:3
FNH:3
FNDA:1,(anonymous_18)
FNDA:4,AddToCartService
FNDA:5,(anonymous_20)
DA:2,1
DA:5,1
DA:14,1
DA:17,4
DA:19,4
DA:22,1
DA:23,5
DA:24,5
DA:25,5
DA:27,5
DA:28,1
DA:30,4
DA:32,4
DA:33,1
DA:36,3
DA:40,3
DA:41,1
DA:46,2
DA:53,3
DA:55,1
LF:20
LH:20
BRDA:53,0,0,3
BRDA:27,1,0,1
BRDA:27,1,1,4
BRDA:27,2,0,5
BRDA:27,2,1,5
BRDA:32,3,0,1
BRDA:32,3,1,3
BRDA:40,4,0,1
BRDA:40,4,1,2
BRF:9
BRH:9
end_of_record
TN:
SF:src\modules\Carts\services\DeleteCartItemService.ts
FN:10,(anonymous_17)
FN:11,DeleteCartItemService
FN:16,(anonymous_19)
FNF:3
FNH:3
FNDA:1,(anonymous_17)
FNDA:1,DeleteCartItemService
FNDA:1,(anonymous_19)
DA:3,1
DA:10,1
DA:13,1
DA:16,1
DA:17,2
DA:19,1
LF:6
LH:6
BRDA:17,0,0,1
BRF:1
BRH:1
end_of_record
TN:
SF:src\modules\Carts\services\VerifyCartService.ts
FN:8,(anonymous_17)
FN:9,VerifyCartService
FN:14,(anonymous_19)
FNF:3
FNH:3
FNDA:1,(anonymous_17)
FNDA:2,VerifyCartService
FNDA:2,(anonymous_19)
DA:4,1
DA:8,1
DA:11,2
DA:14,1
DA:15,2
DA:17,3
DA:18,1
DA:23,1
DA:26,1
DA:28,1
LF:10
LH:10
BRDA:15,0,0,2
BRDA:15,0,1,1
BRDA:17,1,0,1
BRDA:17,1,1,1
BRF:4
BRH:4
end_of_record
TN:
SF:src\modules\Customers\services\AuthenticateCustomerService.ts
FN:20,(anonymous_18)
FN:21,AutenticateCustomerService
FN:28,(anonymous_20)
FNF:3
FNH:3
FNDA:1,(anonymous_18)
FNDA:3,AutenticateCustomerService
FNDA:3,(anonymous_20)
DA:2,1
DA:3,1
DA:4,1
DA:6,1
DA:20,1
DA:23,3
DA:25,3
DA:28,3
DA:29,3
DA:31,3
DA:32,1
DA:35,2
DA:40,2
DA:41,1
DA:44,1
DA:46,1
DA:51,1
DA:53,1
DA:54,1
LF:19
LH:19
BRDA:29,0,0,3
BRDA:31,1,0,1
BRDA:31,1,1,2
BRDA:40,2,0,1
BRDA:40,2,1,1
BRF:5
BRH:5
end_of_record
TN:
SF:src\modules\Customers\services\CreateCustomerService.ts
FN:16,(anonymous_18)
FN:17,CreateUserService
FN:24,(anonymous_20)
FNF:3
FNH:3
FNDA:2,(anonymous_18)
FNDA:5,CreateUserService
FNDA:6,(anonymous_20)
DA:2,2
DA:4,2
DA:16,2
DA:19,5
DA:21,5
DA:24,2
DA:25,6
DA:26,6
DA:27,6
DA:28,6
DA:29,6
DA:31,6
DA:33,6
DA:34,1
DA:37,5
DA:39,5
DA:49,5
DA:51,2
LF:18
LH:18
BRDA:31,0,0,6
BRDA:33,1,0,1
BRDA:33,1,1,5
BRF:3
BRH:3
end_of_record
TN:
SF:src\modules\Customers\services\ResetPasswordService.ts
FN:14,(anonymous_18)
FN:15,ResetPasswordService
FN:24,(anonymous_20)
FNF:3
FNH:3
FNDA:1,(anonymous_18)
FNDA:4,ResetPasswordService
FNDA:4,(anonymous_20)
DA:1,1
DA:5,1
DA:6,1
DA:14,1
DA:17,4
DA:19,4
DA:21,4
DA:24,4
DA:25,4
DA:27,4
DA:28,1
DA:31,3
DA:33,3
DA:34,1
DA:37,2
DA:39,2
DA:40,1
DA:43,1
DA:45,2
DA:47,1
LF:20
LH:20
BRDA:25,0,0,4
BRDA:27,1,0,1
BRDA:27,1,1,3
BRDA:33,2,0,1
BRDA:33,2,1,2
BRDA:39,3,0,1
BRDA:39,3,1,1
BRF:7
BRH:7
end_of_record
TN:
SF:src\modules\Customers\services\SendForgotPasswordEmailService.ts
FN:13,(anonymous_18)
FN:14,SendForgotPasswordEmailService
FN:23,(anonymous_20)
FNF:3
FNH:3
FNDA:1,(anonymous_18)
FNDA:3,SendForgotPasswordEmailService
FNDA:3,(anonymous_20)
DA:1,1
DA:5,1
DA:6,1
DA:13,1
DA:16,3
DA:18,3
DA:20,3
DA:23,3
DA:24,3
DA:26,3
DA:27,1
DA:30,2
DA:32,2
DA:39,4
DA:54,1
LF:15
LH:15
BRDA:24,0,0,3
BRDA:26,1,0,1
BRDA:26,1,1,2
BRF:3
BRH:3
end_of_record
TN:
SF:src\modules\Customers\services\UpdateCustomerService.ts
FN:16,(anonymous_18)
FN:17,UpdateCustomerService
FN:22,(anonymous_20)
FNF:3
FNH:3
FNDA:1,(anonymous_18)
FNDA:3,UpdateCustomerService
FNDA:3,(anonymous_20)
DA:2,1
DA:4,1
DA:16,1
DA:19,3
DA:22,1
DA:23,3
DA:24,3
DA:25,3
DA:26,3
DA:27,3
DA:29,3
DA:31,3
DA:32,1
DA:35,2
DA:37,2
DA:38,1
DA:41,1
DA:42,1
DA:43,1
DA:44,1
DA:46,2
DA:48,1
DA:50,1
LF:23
LH:23
BRDA:29,0,0,3
BRDA:31,1,0,1
BRDA:31,1,1,2
BRDA:31,2,0,3
BRDA:31,2,1,1
BRDA:37,3,0,1
BRDA:37,3,1,1
BRF:7
BRH:7
end_of_record
TN:
SF:src\modules\DeliveryTypes\services\CreateDeliveryTypeService.ts
FN:12,(anonymous_18)
FN:13,CreateDeliveryTypeService
FN:18,(anonymous_20)
FNF:3
FNH:3
FNDA:4,(anonymous_18)
FNDA:8,CreateDeliveryTypeService
FNDA:9,(anonymous_20)
DA:2,4
DA:4,4
DA:12,4
DA:15,8
DA:18,4
DA:19,9
DA:20,9
DA:22,9
DA:24,9
DA:25,1
DA:28,8
DA:33,8
DA:35,4
LF:13
LH:13
BRDA:22,0,0,9
BRDA:24,1,0,1
BRDA:24,1,1,8
BRF:3
BRH:3
end_of_record
TN:
SF:src\modules\DeliveryTypes\services\DeleteDeliveryTypeService.ts
FN:11,(anonymous_18)
FN:12,UpdateDeliveryTypeService
FN:17,(anonymous_20)
FNF:3
FNH:3
FNDA:1,(anonymous_18)
FNDA:2,UpdateDeliveryTypeService
FNDA:2,(anonymous_20)
DA:1,1
DA:3,1
DA:11,1
DA:14,2
DA:17,2
DA:18,2
DA:20,2
DA:21,1
DA:24,1
DA:25,0
DA:29,2
DA:31,1
LF:12
LH:11
BRDA:18,0,0,2
BRDA:20,1,0,1
BRDA:20,1,1,1
BRDA:24,2,0,0
BRDA:24,2,1,1
BRF:5
BRH:4
end_of_record
TN:
SF:src\modules\DeliveryTypes\services\ListAllDeliveryTypesByCustomerService.ts
FN:11,(anonymous_17)
FN:12,ListAllDeliveryTypesByCustomerService
FN:17,(anonymous_19)
FNF:3
FNH:3
FNDA:1,(anonymous_17)
FNDA:1,ListAllDeliveryTypesByCustomerService
FNDA:1,(anonymous_19)
DA:4,1
DA:11,1
DA:14,1
DA:17,1
DA:18,1
DA:20,1
DA:22,1
LF:7
LH:7
BRDA:20,0,0,1
BRDA:20,0,1,1
BRF:2
BRH:2
end_of_record
TN:
SF:src\modules\DeliveryTypes\services\UpdateDeliveryTypeService.ts
FN:13,(anonymous_18)
FN:14,UpdateDeliveryTypeService
FN:19,(anonymous_20)
FNF:3
FNH:3
FNDA:1,(anonymous_18)
FNDA:3,UpdateDeliveryTypeService
FNDA:3,(anonymous_20)
DA:2,1
DA:4,1
DA:13,1
DA:16,3
DA:19,1
DA:20,3
DA:21,3
DA:22,3
DA:24,3
DA:28,3
DA:29,1
DA:32,2
DA:34,2
DA:35,1
DA:38,1
DA:40,1
DA:42,1
LF:17
LH:17
BRDA:24,0,0,3
BRDA:24,0,1,1
BRDA:28,1,0,1
BRDA:28,1,1,2
BRDA:28,2,0,3
BRDA:28,2,1,1
BRDA:34,3,0,1
BRDA:34,3,1,1
BRF:8
BRH:8
end_of_record
TN:
SF:src\modules\Orders\services\DoCheckoutService.ts
FN:16,(anonymous_18)
FN:17,DoCheckoutService
FN:28,(anonymous_20)
FN:46,(anonymous_23)
FN:54,(anonymous_24)
FN:54,(anonymous_25)
FNF:6
FNH:3
FNDA:1,(anonymous_18)
FNDA:3,DoCheckoutService
FNDA:3,(anonymous_20)
FNDA:0,(anonymous_23)
FNDA:0,(anonymous_24)
FNDA:0,(anonymous_25)
DA:3,1
DA:9,1
DA:16,1
DA:19,3
DA:21,3
DA:23,3
DA:25,3
DA:28,3
DA:29,3
DA:31,3
DA:32,1
DA:38,2
DA:40,2
DA:41,1
DA:44,1
DA:46,1
DA:47,0
DA:50,1
DA:54,1
DA:55,0
DA:60,0
DA:63,2
DA:65,1
DA:67,1
LF:24
LH:21
BRDA:29,0,0,3
BRDA:31,1,0,1
BRDA:31,1,1,2
BRDA:40,2,0,1
BRDA:40,2,1,1
BRDA:55,3,0,0
BRF:6
BRH:5
end_of_record
TN:
SF:src\modules\Orders\services\UpdateFeeService.ts
FN:18,(anonymous_17)
FN:19,UpdateFeeService
FN:24,(anonymous_19)
FNF:3
FNH:3
FNDA:1,(anonymous_17)
FNDA:1,UpdateFeeService
FNDA:1,(anonymous_19)
DA:9,1
DA:18,1
DA:21,1
DA:24,1
DA:25,1
DA:31,1
DA:33,1
LF:7
LH:7
BRDA:25,0,0,1
BRF:1
BRH:1
end_of_record
TN:
SF:src\modules\Products\services\CreateProductService.ts
FN:17,(anonymous_18)
FN:18,CreateProductService
FN:23,(anonymous_20)
FNF:3
FNH:3
FNDA:4,(anonymous_18)
FNDA:6,CreateProductService
FNDA:8,(anonymous_20)
DA:2,4
DA:4,4
DA:17,4
DA:20,6
DA:23,4
DA:24,8
DA:25,8
DA:26,8
DA:27,8
DA:28,8
DA:29,8
DA:30,8
DA:32,8
DA:36,8
DA:37,1
DA:40,7
DA:50,7
DA:52,4
LF:18
LH:18
BRDA:32,0,0,8
BRDA:36,1,0,1
BRDA:36,1,1,7
BRF:3
BRH:3
end_of_record
TN:
SF:src\modules\Products\services\ListProductsByCustomerService.ts
FN:7,(anonymous_17)
FN:8,ListProductsByCustomerService
FN:13,(anonymous_19)
FNF:3
FNH:3
FNDA:1,(anonymous_17)
FNDA:1,ListProductsByCustomerService
FNDA:1,(anonymous_19)
DA:4,1
DA:7,1
DA:10,1
DA:13,1
DA:14,1
DA:18,1
DA:20,1
LF:7
LH:7
BRDA:14,0,0,1
BRF:1
BRH:1
end_of_record
TN:
SF:src\modules\Products\services\ProductDetailService.ts
FN:7,(anonymous_18)
FN:8,ProductDetailService
FN:13,(anonymous_20)
FNF:3
FNH:3
FNDA:1,(anonymous_18)
FNDA:2,ProductDetailService
FNDA:2,(anonymous_20)
DA:2,1
DA:4,1
DA:7,1
DA:10,2
DA:13,1
DA:14,2
DA:16,2
DA:17,1
DA:19,1
DA:22,1
LF:10
LH:10
BRDA:14,0,0,2
BRDA:16,1,0,1
BRDA:16,1,1,1
BRF:3
BRH:3
end_of_record
TN:
SF:src\modules\Products\services\UpdateProductService.ts
FN:19,(anonymous_18)
FN:20,UpdateProductService
FN:25,(anonymous_20)
FNF:3
FNH:3
FNDA:1,(anonymous_18)
FNDA:3,UpdateProductService
FNDA:3,(anonymous_20)
DA:2,1
DA:4,1
DA:19,1
DA:22,3
DA:25,1
DA:26,3
DA:27,3
DA:28,3
DA:29,3
DA:30,3
DA:31,3
DA:32,3
DA:33,3
DA:35,3
DA:39,3
DA:44,3
DA:45,1
DA:48,2
DA:49,1
DA:52,1
DA:65,1
DA:67,1
LF:22
LH:22
BRDA:35,0,0,3
BRDA:44,1,0,1
BRDA:44,1,1,2
BRDA:48,2,0,1
BRDA:48,2,1,1
BRDA:48,3,0,2
BRDA:48,3,1,1
BRF:7
BRH:7
end_of_record
TN:
SF:src\modules\Users\services\AuthenticateUserService.ts
FN:21,(anonymous_18)
FN:22,AutenticateUserService
FN:29,(anonymous_20)
FNF:3
FNH:3
FNDA:1,(anonymous_18)
FNDA:3,AutenticateUserService
FNDA:3,(anonymous_20)
DA:2,1
DA:3,1
DA:4,1
DA:6,1
DA:21,1
DA:24,3
DA:26,3
DA:29,3
DA:30,3
DA:32,3
DA:33,1
DA:36,2
DA:38,2
DA:39,1
DA:42,1
DA:44,1
DA:49,1
DA:51,1
DA:52,1
LF:19
LH:19
BRDA:30,0,0,3
BRDA:32,1,0,1
BRDA:32,1,1,2
BRDA:38,2,0,1
BRDA:38,2,1,1
BRF:5
BRH:5
end_of_record
TN:
SF:src\modules\Users\services\CreateUserService.ts
FN:17,(anonymous_18)
FN:18,CreateUserService
FN:25,(anonymous_20)
FNF:3
FNH:3
FNDA:3,(anonymous_18)
FNDA:4,CreateUserService
FNDA:5,(anonymous_20)
DA:2,3
DA:4,3
DA:17,3
DA:20,4
DA:22,4
DA:25,3
DA:26,5
DA:27,5
DA:28,5
DA:29,5
DA:30,5
DA:31,5
DA:33,5
DA:35,5
DA:36,1
DA:39,4
DA:41,4
DA:50,4
DA:52,3
LF:19
LH:19
BRDA:33,0,0,5
BRDA:35,1,0,1
BRDA:35,1,1,4
BRF:3
BRH:3
end_of_record
TN:
SF:src\modules\Users\services\FindUserByIdService.ts
FN:7,(anonymous_18)
FN:8,FindUserByIdService
FN:13,(anonymous_20)
FNF:3
FNH:3
FNDA:1,(anonymous_18)
FNDA:2,FindUserByIdService
FNDA:2,(anonymous_20)
DA:1,1
DA:3,1
DA:7,1
DA:10,2
DA:13,1
DA:14,2
DA:16,2
DA:17,1
DA:20,1
DA:22,1
LF:10
LH:10
BRDA:14,0,0,2
BRDA:16,1,0,1
BRDA:16,1,1,1
BRF:3
BRH:3
end_of_record
TN:
SF:src\modules\Users\services\ListAllAvailableCustomersService.ts
FN:13,(anonymous_17)
FN:14,ListAllAvailableCustomersService
FN:21,(anonymous_19)
FNF:3
FNH:3
FNDA:1,(anonymous_17)
FNDA:1,ListAllAvailableCustomersService
FNDA:1,(anonymous_19)
DA:6,1
DA:13,1
DA:16,1
DA:18,1
DA:21,1
DA:22,1
DA:24,1
DA:29,1
LF:8
LH:8
BRDA:22,0,0,1
BRDA:22,0,1,1
BRF:2
BRH:2
end_of_record
TN:
SF:src\modules\Users\services\ResetPasswordService.ts
FN:14,(anonymous_18)
FN:15,ResetPasswordService
FN:24,(anonymous_20)
FNF:3
FNH:3
FNDA:1,(anonymous_18)
FNDA:4,ResetPasswordService
FNDA:4,(anonymous_20)
DA:1,1
DA:5,1
DA:6,1
DA:14,1
DA:17,4
DA:19,4
DA:21,4
DA:24,4
DA:25,4
DA:27,4
DA:28,1
DA:31,3
DA:33,3
DA:34,1
DA:37,2
DA:39,2
DA:40,1
DA:43,1
DA:45,2
DA:47,1
LF:20
LH:20
BRDA:25,0,0,4
BRDA:27,1,0,1
BRDA:27,1,1,3
BRDA:33,2,0,1
BRDA:33,2,1,2
BRDA:39,3,0,1
BRDA:39,3,1,1
BRF:7
BRH:7
end_of_record
TN:
SF:src\modules\Users\services\SendForgotPasswordEmailService.ts
FN:13,(anonymous_18)
FN:14,SendForgotPasswordEmailService
FN:23,(anonymous_20)
FNF:3
FNH:3
FNDA:1,(anonymous_18)
FNDA:3,SendForgotPasswordEmailService
FNDA:3,(anonymous_20)
DA:1,1
DA:5,1
DA:6,1
DA:13,1
DA:16,3
DA:18,3
DA:20,3
DA:23,3
DA:24,3
DA:26,3
DA:27,1
DA:30,2
DA:32,2
DA:39,4
DA:54,1
LF:15
LH:15
BRDA:24,0,0,3
BRDA:26,1,0,1
BRDA:26,1,1,2
BRF:3
BRH:3
end_of_record
TN:
SF:src\modules\Users\services\UpdateUserAvatarService.ts
FN:13,(anonymous_18)
FN:14,UpdateUserAvatarService
FN:21,(anonymous_20)
FNF:3
FNH:3
FNDA:1,(anonymous_18)
FNDA:2,UpdateUserAvatarService
FNDA:2,(anonymous_20)
DA:2,1
DA:4,1
DA:13,1
DA:16,2
DA:18,2
DA:21,2
DA:22,2
DA:24,2
DA:26,2
DA:27,1
DA:30,1
DA:35,1
DA:37,1
LF:13
LH:13
BRDA:22,0,0,2
BRDA:26,1,0,1
BRDA:26,1,1,1
BRF:3
BRH:3
end_of_record
TN:
SF:src\modules\Users\services\UpdateUserService.ts
FN:16,(anonymous_18)
FN:17,UpdateUserService
FN:22,(anonymous_20)
FNF:3
FNH:3
FNDA:1,(anonymous_18)
FNDA:3,UpdateUserService
FNDA:3,(anonymous_20)
DA:2,1
DA:4,1
DA:16,1
DA:19,3
DA:22,1
DA:23,3
DA:24,3
DA:25,3
DA:26,3
DA:27,3
DA:29,3
DA:33,3
DA:34,1
DA:37,2
DA:39,2
DA:40,1
DA:43,1
DA:44,1
DA:45,1
DA:46,1
DA:48,2
DA:50,1
DA:52,1
LF:23
LH:23
BRDA:29,0,0,3
BRDA:33,1,0,1
BRDA:33,1,1,2
BRDA:33,2,0,3
BRDA:33,2,1,1
BRDA:39,3,0,1
BRDA:39,3,1,1
BRF:7
BRH:7
end_of_record
